<?xml version="1.0" encoding="UTF-8"?>
<!-- Generated by org.testng.reporters.JUnitReportReporter -->
<testsuite hostname="Parth" failures="0" tests="3" name="GET.TC001_GET_Request" time="2.000" errors="0" timestamp="2022-12-30T16:50:41 EST" skipped="0">
  <testcase classname="GET.TC001_GET_Request" name="checkHeaderValue" time="0.155"/>
  <system-out/>
  <testcase classname="GET.TC001_GET_Request" name="getWeatherDetails" time="0.116"/>
  <system-out/>
  <testcase classname="GET.TC001_GET_Request" name="allHeaderValues" time="1.729"/>
  <system-out/>
</testsuite> <!-- GET.TC001_GET_Request -->
