<?xml version="1.0" encoding="UTF-8"?>
<!-- Generated by org.testng.reporters.JUnitReportReporter -->
<testsuite hostname="Parth" failures="0" tests="2" name="tests.GetAPITest" time="0.266" errors="0" timestamp="2023-01-06T20:04:10 EST" skipped="0">
  <testcase classname="tests.GetAPITest" name="getAPITest" time="0.166"/>
  <system-out/>
  <testcase classname="tests.GetAPITest" name="getAPITestWithHeaders" time="0.100"/>
  <system-out/>
</testsuite> <!-- tests.GetAPITest -->
