<?xml version="1.0" encoding="UTF-8"?>
<!-- Generated by org.testng.reporters.JUnitReportReporter -->
<testsuite hostname="Parth" failures="0" tests="1" name="POST.LoginRequest" time="1.796" errors="0" timestamp="2022-12-30T18:05:53 EST" skipped="0">
  <testcase classname="POST.LoginRequest" name="login" time="1.796"/>
  <system-out/>
</testsuite> <!-- POST.LoginRequest -->
