<?xml version="1.0" encoding="UTF-8"?>
<!-- Generated by org.testng.reporters.JUnitReportReporter -->
<testsuite hostname="Parth" failures="0" tests="1" name="tests.PutAPITest" time="0.291" errors="0" timestamp="2023-01-06T20:04:10 EST" skipped="0">
  <testcase classname="tests.PutAPITest" name="putAPITest" time="0.291"/>
  <system-out/>
</testsuite> <!-- tests.PutAPITest -->
