<?xml version="1.0" encoding="UTF-8"?>
<!-- Generated by org.testng.reporters.JUnitReportReporter -->
<testsuite hostname="Parth" failures="0" tests="1" name="rest.tests.GetCallBDD" time="2.211" errors="0" timestamp="2023-01-06T13:55:49 EST" skipped="0">
  <testcase classname="rest.tests.GetCallBDD" name="test_numberOfCircuits2017Season" time="2.211"/>
  <system-out/>
</testsuite> <!-- rest.tests.GetCallBDD -->
