<?xml version="1.0" encoding="UTF-8"?>
<!-- Generated by org.testng.reporters.JUnitReportReporter -->
<testsuite hostname="Parth" failures="0" tests="1" name="POST.TC002_POST_Request" time="1.664" errors="0" timestamp="2022-12-30T16:06:49 EST" skipped="0">
  <testcase classname="POST.TC002_POST_Request" name="createUser" time="1.664"/>
  <system-out/>
</testsuite> <!-- POST.TC002_POST_Request -->
